<?xml version="1.0" encoding="UTF-8"?>
<testng-results skipped="0" failed="0" ignored="0" total="1" passed="1">
  <reporter-output>
  </reporter-output>
  <suite name="Default suite" duration-ms="34" started-at="2021-02-07T20:35:11 EST" finished-at="2021-02-07T20:35:11 EST">
    <groups>
    </groups>
    <test name="Default test" duration-ms="34" started-at="2021-02-07T20:35:11 EST" finished-at="2021-02-07T20:35:11 EST">
      <class name="jenkinstest.TestDemo">
        <test-method status="PASS" signature="test1()[pri:0, instance:jenkinstest.TestDemo@1e6d1014]" name="test1" duration-ms="7" started-at="2021-02-07T20:35:11 EST" finished-at="2021-02-07T20:35:11 EST">
          <reporter-output>
          </reporter-output>
        </test-method> <!-- test1 -->
      </class> <!-- jenkinstest.TestDemo -->
    </test> <!-- Default test -->
  </suite> <!-- Default suite -->
</testng-results>
